<?xml version="1.0" encoding="UTF-8"?>
<testng-results ignored="0" total="1" passed="1" failed="0" skipped="0">
  <reporter-output>
  </reporter-output>
  <suite started-at="2019-07-08T10:11:19Z" name="TestSuite" finished-at="2019-07-08T10:11:27Z" duration-ms="7866">
    <groups>
    </groups>
    <test started-at="2019-07-08T10:11:19Z" name="testGuru" finished-at="2019-07-08T10:11:27Z" duration-ms="7866">
      <class name="demopackage.demotest1">
        <test-method signature="demo1111()[pri:0, instance:demopackage.demotest1@6973b51b]" started-at="2019-07-08T10:11:19Z" name="demo1111" finished-at="2019-07-08T10:11:27Z" duration-ms="7820" status="PASS">
          <reporter-output>
          </reporter-output>
        </test-method> <!-- demo1111 -->
      </class> <!-- demopackage.demotest1 -->
    </test> <!-- testGuru -->
  </suite> <!-- TestSuite -->
</testng-results>
